SyncWriteStream {
  _writableState: WritableState {
    objectMode: false,
    highWaterMark: 16384,
    finalCalled: false,
    needDrain: false,
    ending: false,
    ended: false,
    finished: false,
    destroyed: false,
    decodeStrings: true,
    defaultEncoding: 'utf8',
    length: 0,
    writing: false,
    corked: 0,
    sync: true,
    bufferProcessing: false,
    onwrite: [Function: bound onwrite],
    writecb: null,
    writelen: 0,
    afterWriteTickInfo: null,
    buffered: [],
    bufferedIndex: 0,
    allBuffers: true,
    allNoop: true,
    pendingcb: 0,
    prefinished: false,
    errorEmitted: false,
    emitClose: true,
    autoDestroy: true,
    errored: null,
    closed: false
  },
  _events: [Object: null prototype] {},
  _eventsCount: 0,
  _maxListeners: undefined,
  fd: 1,
  readable: false,
  autoClose: false,
  _type: 'fs',
  _isStdio: true,
  destroySoon: [Function (anonymous)],
  _destroy: [Function: dummyDestroy],
  [Symbol(kCapture)]: false
}
